[INFO ] 2021-08-28 17:20:41.921 [restartedMain] LoginServiceApplication - Starting LoginServiceApplication using Java 16.0.1 on ASUS-TUF-A15 with PID 18564 (C:\Users\dhamo\otomate\LoginService\target\classes started by dhamo in C:\Users\dhamo\otomate\LoginService)
[DEBUG] 2021-08-28 17:20:41.937 [restartedMain] LoginServiceApplication - Running with Spring Boot v2.5.3, Spring v5.3.9
[INFO ] 2021-08-28 17:20:41.938 [restartedMain] LoginServiceApplication - No active profile set, falling back to default profiles: default
[INFO ] 2021-08-28 17:20:44.904 [restartedMain] Log - SimpleCORSFilter init
[DEBUG] 2021-08-28 17:20:44.938 [restartedMain] SecurityFilter - Filter 'securityFilter' configured for use
[INFO ] 2021-08-28 17:20:45.575 [restartedMain] LoginServiceApplication - Started LoginServiceApplication in 3.987 seconds (JVM running for 5.199)
[INFO ] 2021-08-28 17:21:24.289 [restartedMain] LoginServiceApplication - Starting LoginServiceApplication using Java 16.0.1 on ASUS-TUF-A15 with PID 18564 (C:\Users\dhamo\otomate\LoginService\target\classes started by dhamo in C:\Users\dhamo\otomate\LoginService)
[DEBUG] 2021-08-28 17:21:24.290 [restartedMain] LoginServiceApplication - Running with Spring Boot v2.5.3, Spring v5.3.9
[INFO ] 2021-08-28 17:21:24.290 [restartedMain] LoginServiceApplication - No active profile set, falling back to default profiles: default
[INFO ] 2021-08-28 17:21:24.777 [restartedMain] Log - SimpleCORSFilter init
[DEBUG] 2021-08-28 17:21:24.783 [restartedMain] SecurityFilter - Filter 'securityFilter' configured for use
[INFO ] 2021-08-28 17:21:24.955 [restartedMain] LoginServiceApplication - Started LoginServiceApplication in 0.71 seconds (JVM running for 44.58)
[INFO ] 2021-08-28 17:32:00.205 [main] LoginServiceApplicationTests - Starting LoginServiceApplicationTests using Java 16.0.1 on ASUS-TUF-A15 with PID 1744 (started by dhamo in C:\Users\dhamo\otomate\LoginService)
[DEBUG] 2021-08-28 17:32:00.215 [main] LoginServiceApplicationTests - Running with Spring Boot v2.5.3, Spring v5.3.9
[INFO ] 2021-08-28 17:32:00.217 [main] LoginServiceApplicationTests - No active profile set, falling back to default profiles: default
[INFO ] 2021-08-28 17:32:09.377 [main] Log - SimpleCORSFilter init
[INFO ] 2021-08-28 17:32:12.416 [main] LoginServiceApplicationTests - Started LoginServiceApplicationTests in 12.825 seconds (JVM running for 15.27)
[INFO ] 2021-08-31 01:42:22.717 [restartedMain] LoginServiceApplication - Starting LoginServiceApplication using Java 16.0.1 on ASUS-TUF-A15 with PID 8664 (C:\Users\dhamo\otomate\LoginService\target\classes started by dhamo in C:\Users\dhamo\otomate\LoginService)
[DEBUG] 2021-08-31 01:42:22.726 [restartedMain] LoginServiceApplication - Running with Spring Boot v2.5.3, Spring v5.3.9
[INFO ] 2021-08-31 01:42:22.727 [restartedMain] LoginServiceApplication - No active profile set, falling back to default profiles: default
[INFO ] 2021-08-31 01:42:42.496 [restartedMain] LoginServiceApplication - Starting LoginServiceApplication using Java 16.0.1 on ASUS-TUF-A15 with PID 31432 (C:\Users\dhamo\otomate\LoginService\target\classes started by dhamo in C:\Users\dhamo\otomate\LoginService)
[DEBUG] 2021-08-31 01:42:42.503 [restartedMain] LoginServiceApplication - Running with Spring Boot v2.5.3, Spring v5.3.9
[INFO ] 2021-08-31 01:42:42.503 [restartedMain] LoginServiceApplication - No active profile set, falling back to default profiles: default
[INFO ] 2021-08-31 01:42:45.101 [restartedMain] Log - SimpleCORSFilter init
[DEBUG] 2021-08-31 01:42:45.127 [restartedMain] SecurityFilter - Filter 'securityFilter' configured for use
[INFO ] 2021-08-31 01:42:45.716 [restartedMain] LoginServiceApplication - Started LoginServiceApplication in 3.513 seconds (JVM running for 4.548)
[INFO ] 2021-08-31 01:56:33.456 [http-nio-2021-exec-2] Log - Authorization Token is Empty
[INFO ] 2021-08-31 01:56:38.413 [http-nio-2021-exec-3] Log - Authorization Token is Empty
[INFO ] 2021-08-31 01:56:48.204 [http-nio-2021-exec-4] Log - Authorization Token is Empty
[INFO ] 2021-08-31 01:57:42.246 [restartedMain] LoginServiceApplication - Starting LoginServiceApplication using Java 16.0.1 on ASUS-TUF-A15 with PID 31432 (C:\Users\dhamo\otomate\LoginService\target\classes started by dhamo in C:\Users\dhamo\otomate\LoginService)
[DEBUG] 2021-08-31 01:57:42.247 [restartedMain] LoginServiceApplication - Running with Spring Boot v2.5.3, Spring v5.3.9
[INFO ] 2021-08-31 01:57:42.247 [restartedMain] LoginServiceApplication - No active profile set, falling back to default profiles: default
[INFO ] 2021-08-31 01:57:42.758 [restartedMain] Log - SimpleCORSFilter init
[DEBUG] 2021-08-31 01:57:42.764 [restartedMain] SecurityFilter - Filter 'securityFilter' configured for use
[INFO ] 2021-08-31 01:57:42.946 [restartedMain] LoginServiceApplication - Started LoginServiceApplication in 0.747 seconds (JVM running for 901.778)
[INFO ] 2021-08-31 01:57:48.533 [restartedMain] LoginServiceApplication - Starting LoginServiceApplication using Java 16.0.1 on ASUS-TUF-A15 with PID 31432 (C:\Users\dhamo\otomate\LoginService\target\classes started by dhamo in C:\Users\dhamo\otomate\LoginService)
[DEBUG] 2021-08-31 01:57:48.533 [restartedMain] LoginServiceApplication - Running with Spring Boot v2.5.3, Spring v5.3.9
[INFO ] 2021-08-31 01:57:48.533 [restartedMain] LoginServiceApplication - No active profile set, falling back to default profiles: default
[INFO ] 2021-08-31 01:57:48.935 [restartedMain] Log - SimpleCORSFilter init
[DEBUG] 2021-08-31 01:57:48.939 [restartedMain] SecurityFilter - Filter 'securityFilter' configured for use
[INFO ] 2021-08-31 01:57:49.098 [restartedMain] LoginServiceApplication - Started LoginServiceApplication in 0.601 seconds (JVM running for 907.93)
[INFO ] 2021-08-31 01:57:50.205 [http-nio-2021-exec-2] Log - Authorization Token is Empty
[INFO ] 2021-08-31 01:57:52.044 [http-nio-2021-exec-3] Log - Authorization Token is Empty
[INFO ] 2021-08-31 01:58:03.332 [http-nio-2021-exec-4] Log - Authorization Token is Empty
[INFO ] 2021-08-31 01:58:38.385 [http-nio-2021-exec-5] Log - Authorization Token is Empty
[INFO ] 2021-08-31 01:59:00.186 [http-nio-2021-exec-6] Log - Authorization Token is Empty
[INFO ] 2021-08-31 01:59:51.043 [http-nio-2021-exec-7] Log - Authorization Token is Empty
[INFO ] 2021-08-31 02:00:40.037 [http-nio-2021-exec-8] Log - Authorization Token is Empty
[INFO ] 2021-08-31 02:04:54.389 [restartedMain] LoginServiceApplication - Starting LoginServiceApplication using Java 16.0.1 on ASUS-TUF-A15 with PID 28160 (C:\Users\dhamo\otomate\LoginService\target\classes started by dhamo in C:\Users\dhamo\otomate\LoginService)
[DEBUG] 2021-08-31 02:04:54.397 [restartedMain] LoginServiceApplication - Running with Spring Boot v2.5.3, Spring v5.3.9
[INFO ] 2021-08-31 02:04:54.398 [restartedMain] LoginServiceApplication - No active profile set, falling back to default profiles: default
[INFO ] 2021-08-31 02:04:57.227 [restartedMain] Log - SimpleCORSFilter init
[DEBUG] 2021-08-31 02:04:57.269 [restartedMain] SecurityFilter - Filter 'securityFilter' configured for use
[INFO ] 2021-08-31 02:04:57.940 [restartedMain] LoginServiceApplication - Started LoginServiceApplication in 3.902 seconds (JVM running for 4.984)
[INFO ] 2021-08-31 02:05:53.849 [http-nio-2021-exec-1] Log - Authorization Token is Empty
[INFO ] 2021-08-31 02:05:57.282 [http-nio-2021-exec-3] Log - Authorization Token is Empty
[INFO ] 2021-08-31 02:05:58.491 [http-nio-2021-exec-4] Log - Authorization Token is Empty
[INFO ] 2021-08-31 02:05:59.662 [http-nio-2021-exec-5] Log - Authorization Token is Empty
[INFO ] 2021-08-31 02:06:00.836 [http-nio-2021-exec-6] Log - Authorization Token is Empty
[INFO ] 2021-08-31 02:06:23.072 [http-nio-2021-exec-8] Log - Authorization Token is Empty
[INFO ] 2021-08-31 02:07:03.751 [restartedMain] LoginServiceApplication - Starting LoginServiceApplication using Java 16.0.1 on ASUS-TUF-A15 with PID 28160 (C:\Users\dhamo\otomate\LoginService\target\classes started by dhamo in C:\Users\dhamo\otomate\LoginService)
[DEBUG] 2021-08-31 02:07:03.752 [restartedMain] LoginServiceApplication - Running with Spring Boot v2.5.3, Spring v5.3.9
[INFO ] 2021-08-31 02:07:03.752 [restartedMain] LoginServiceApplication - No active profile set, falling back to default profiles: default
[INFO ] 2021-08-31 02:07:04.214 [restartedMain] Log - SimpleCORSFilter init
[DEBUG] 2021-08-31 02:07:04.221 [restartedMain] SecurityFilter - Filter 'securityFilter' configured for use
[INFO ] 2021-08-31 02:07:04.425 [restartedMain] LoginServiceApplication - Started LoginServiceApplication in 0.717 seconds (JVM running for 131.47)
[INFO ] 2021-08-31 02:09:24.495 [restartedMain] LoginServiceApplication - Starting LoginServiceApplication using Java 16.0.1 on ASUS-TUF-A15 with PID 28160 (C:\Users\dhamo\otomate\LoginService\target\classes started by dhamo in C:\Users\dhamo\otomate\LoginService)
[DEBUG] 2021-08-31 02:09:24.495 [restartedMain] LoginServiceApplication - Running with Spring Boot v2.5.3, Spring v5.3.9
[INFO ] 2021-08-31 02:09:24.495 [restartedMain] LoginServiceApplication - No active profile set, falling back to default profiles: default
[INFO ] 2021-08-31 02:09:24.888 [restartedMain] Log - SimpleCORSFilter init
[DEBUG] 2021-08-31 02:09:24.894 [restartedMain] SecurityFilter - Filter 'securityFilter' configured for use
[INFO ] 2021-08-31 02:09:32.541 [restartedMain] LoginServiceApplication - Starting LoginServiceApplication using Java 16.0.1 on ASUS-TUF-A15 with PID 28160 (C:\Users\dhamo\otomate\LoginService\target\classes started by dhamo in C:\Users\dhamo\otomate\LoginService)
[DEBUG] 2021-08-31 02:09:32.541 [restartedMain] LoginServiceApplication - Running with Spring Boot v2.5.3, Spring v5.3.9
[INFO ] 2021-08-31 02:09:32.541 [restartedMain] LoginServiceApplication - No active profile set, falling back to default profiles: default
[INFO ] 2021-08-31 02:09:32.906 [restartedMain] Log - SimpleCORSFilter init
[DEBUG] 2021-08-31 02:09:32.911 [restartedMain] SecurityFilter - Filter 'securityFilter' configured for use
[INFO ] 2021-08-31 02:09:33.055 [restartedMain] LoginServiceApplication - Started LoginServiceApplication in 0.546 seconds (JVM running for 280.1)
[INFO ] 2021-08-31 02:09:47.805 [restartedMain] LoginServiceApplication - Starting LoginServiceApplication using Java 16.0.1 on ASUS-TUF-A15 with PID 28160 (C:\Users\dhamo\otomate\LoginService\target\classes started by dhamo in C:\Users\dhamo\otomate\LoginService)
[DEBUG] 2021-08-31 02:09:47.806 [restartedMain] LoginServiceApplication - Running with Spring Boot v2.5.3, Spring v5.3.9
[INFO ] 2021-08-31 02:09:47.806 [restartedMain] LoginServiceApplication - No active profile set, falling back to default profiles: default
[INFO ] 2021-08-31 02:09:48.162 [restartedMain] Log - SimpleCORSFilter init
[DEBUG] 2021-08-31 02:09:48.167 [restartedMain] SecurityFilter - Filter 'securityFilter' configured for use
[INFO ] 2021-08-31 02:09:48.321 [restartedMain] LoginServiceApplication - Started LoginServiceApplication in 0.551 seconds (JVM running for 295.366)
[INFO ] 2021-08-31 02:10:43.975 [http-nio-2021-exec-2] Log - Authorization Token is Empty
[INFO ] 2021-08-31 02:10:59.197 [restartedMain] LoginServiceApplication - Starting LoginServiceApplication using Java 16.0.1 on ASUS-TUF-A15 with PID 28160 (C:\Users\dhamo\otomate\LoginService\target\classes started by dhamo in C:\Users\dhamo\otomate\LoginService)
[DEBUG] 2021-08-31 02:10:59.198 [restartedMain] LoginServiceApplication - Running with Spring Boot v2.5.3, Spring v5.3.9
[INFO ] 2021-08-31 02:10:59.198 [restartedMain] LoginServiceApplication - No active profile set, falling back to default profiles: default
[INFO ] 2021-08-31 02:10:59.600 [restartedMain] Log - SimpleCORSFilter init
[DEBUG] 2021-08-31 02:10:59.604 [restartedMain] SecurityFilter - Filter 'securityFilter' configured for use
[INFO ] 2021-08-31 02:10:59.813 [restartedMain] LoginServiceApplication - Started LoginServiceApplication in 0.656 seconds (JVM running for 366.858)
[INFO ] 2021-08-31 02:11:01.805 [http-nio-2021-exec-2] Log - Authorization Token is Empty
[INFO ] 2021-08-31 02:11:59.365 [http-nio-2021-exec-3] Log - Authorization Token is Empty
[INFO ] 2021-08-31 02:12:54.771 [restartedMain] LoginServiceApplication - Starting LoginServiceApplication using Java 16.0.1 on ASUS-TUF-A15 with PID 28160 (C:\Users\dhamo\otomate\LoginService\target\classes started by dhamo in C:\Users\dhamo\otomate\LoginService)
[DEBUG] 2021-08-31 02:12:54.771 [restartedMain] LoginServiceApplication - Running with Spring Boot v2.5.3, Spring v5.3.9
[INFO ] 2021-08-31 02:12:54.772 [restartedMain] LoginServiceApplication - No active profile set, falling back to default profiles: default
[INFO ] 2021-08-31 02:12:55.220 [restartedMain] Log - SimpleCORSFilter init
[DEBUG] 2021-08-31 02:12:55.226 [restartedMain] SecurityFilter - Filter 'securityFilter' configured for use
[INFO ] 2021-08-31 02:12:55.422 [restartedMain] LoginServiceApplication - Started LoginServiceApplication in 0.692 seconds (JVM running for 482.467)
[INFO ] 2021-08-31 02:12:58.741 [http-nio-2021-exec-2] Log - Authorization Token is Empty
[INFO ] 2021-08-31 02:14:47.861 [restartedMain] LoginServiceApplication - Starting LoginServiceApplication using Java 16.0.1 on ASUS-TUF-A15 with PID 28160 (C:\Users\dhamo\otomate\LoginService\target\classes started by dhamo in C:\Users\dhamo\otomate\LoginService)
[DEBUG] 2021-08-31 02:14:47.862 [restartedMain] LoginServiceApplication - Running with Spring Boot v2.5.3, Spring v5.3.9
[INFO ] 2021-08-31 02:14:47.862 [restartedMain] LoginServiceApplication - No active profile set, falling back to default profiles: default
[INFO ] 2021-08-31 02:14:48.296 [restartedMain] Log - SimpleCORSFilter init
[DEBUG] 2021-08-31 02:14:48.301 [restartedMain] SecurityFilter - Filter 'securityFilter' configured for use
[INFO ] 2021-08-31 02:14:48.502 [restartedMain] LoginServiceApplication - Started LoginServiceApplication in 0.677 seconds (JVM running for 595.547)
[INFO ] 2021-08-31 02:14:56.847 [http-nio-2021-exec-2] Log - Authorization Token is Empty
[INFO ] 2021-08-31 02:15:01.426 [http-nio-2021-exec-3] Log - Authorization Token is Empty
[INFO ] 2021-08-31 02:21:58.140 [restartedMain] LoginServiceApplication - Starting LoginServiceApplication using Java 16.0.1 on ASUS-TUF-A15 with PID 28204 (C:\Users\dhamo\otomate\LoginService\target\classes started by dhamo in C:\Users\dhamo\otomate\LoginService)
[DEBUG] 2021-08-31 02:21:58.149 [restartedMain] LoginServiceApplication - Running with Spring Boot v2.5.3, Spring v5.3.9
[INFO ] 2021-08-31 02:21:58.150 [restartedMain] LoginServiceApplication - No active profile set, falling back to default profiles: default
[INFO ] 2021-08-31 02:22:00.900 [restartedMain] Log - SimpleCORSFilter init
[DEBUG] 2021-08-31 02:22:00.931 [restartedMain] SecurityFilter - Filter 'securityFilter' configured for use
[INFO ] 2021-08-31 02:22:01.536 [restartedMain] LoginServiceApplication - Started LoginServiceApplication in 3.713 seconds (JVM running for 4.799)
[INFO ] 2021-08-31 02:31:40.518 [restartedMain] LoginServiceApplication - Starting LoginServiceApplication using Java 16.0.1 on ASUS-TUF-A15 with PID 13152 (C:\Users\dhamo\otomate\LoginService\target\classes started by dhamo in C:\Users\dhamo\otomate\LoginService)
[DEBUG] 2021-08-31 02:31:40.525 [restartedMain] LoginServiceApplication - Running with Spring Boot v2.5.3, Spring v5.3.9
[INFO ] 2021-08-31 02:31:40.525 [restartedMain] LoginServiceApplication - No active profile set, falling back to default profiles: default
[INFO ] 2021-08-31 02:31:43.188 [restartedMain] Log - SimpleCORSFilter init
[DEBUG] 2021-08-31 02:31:43.217 [restartedMain] SecurityFilter - Filter 'securityFilter' configured for use
[INFO ] 2021-08-31 02:31:43.825 [restartedMain] LoginServiceApplication - Started LoginServiceApplication in 3.589 seconds (JVM running for 4.641)
[INFO ] 2021-08-31 02:31:51.025 [http-nio-2021-exec-2] Log - Authorization Token is Empty
[INFO ] 2021-08-31 03:02:33.516 [restartedMain] LoginServiceApplication - Starting LoginServiceApplication using Java 16.0.1 on ASUS-TUF-A15 with PID 24692 (C:\Users\dhamo\otomate\LoginService\target\classes started by dhamo in C:\Users\dhamo\otomate\LoginService)
[DEBUG] 2021-08-31 03:02:33.524 [restartedMain] LoginServiceApplication - Running with Spring Boot v2.5.3, Spring v5.3.9
[INFO ] 2021-08-31 03:02:33.524 [restartedMain] LoginServiceApplication - No active profile set, falling back to default profiles: default
[INFO ] 2021-08-31 03:02:36.596 [restartedMain] Log - SimpleCORSFilter init
[DEBUG] 2021-08-31 03:02:36.629 [restartedMain] SecurityFilter - Filter 'securityFilter' configured for use
[INFO ] 2021-08-31 03:02:37.292 [restartedMain] LoginServiceApplication - Started LoginServiceApplication in 4.137 seconds (JVM running for 5.737)
[INFO ] 2021-08-31 03:02:41.827 [http-nio-2021-exec-3] Log - Authorization Token is Empty
[INFO ] 2021-08-31 03:04:08.452 [restartedMain] LoginServiceApplication - Starting LoginServiceApplication using Java 16.0.1 on ASUS-TUF-A15 with PID 24692 (C:\Users\dhamo\otomate\LoginService\target\classes started by dhamo in C:\Users\dhamo\otomate\LoginService)
[DEBUG] 2021-08-31 03:04:08.452 [restartedMain] LoginServiceApplication - Running with Spring Boot v2.5.3, Spring v5.3.9
[INFO ] 2021-08-31 03:04:08.452 [restartedMain] LoginServiceApplication - No active profile set, falling back to default profiles: default
[INFO ] 2021-08-31 03:04:08.932 [restartedMain] Log - SimpleCORSFilter init
[DEBUG] 2021-08-31 03:04:08.938 [restartedMain] SecurityFilter - Filter 'securityFilter' configured for use
[INFO ] 2021-08-31 03:04:09.106 [restartedMain] LoginServiceApplication - Started LoginServiceApplication in 0.695 seconds (JVM running for 97.55)
[INFO ] 2021-08-31 03:04:20.821 [http-nio-2021-exec-2] Log - Authorization Token is Empty
[INFO ] 2021-08-31 03:05:54.066 [http-nio-2021-exec-6] Log - Authorization Token is Empty
[INFO ] 2021-08-31 03:07:09.723 [http-nio-2021-exec-4] Log - Authorization Token is Empty
[INFO ] 2021-08-31 03:07:33.039 [http-nio-2021-exec-8] Log - Authorization Token is Empty
[INFO ] 2021-08-31 03:07:34.193 [http-nio-2021-exec-10] Log - Authorization Token is Empty
[INFO ] 2021-08-31 03:07:34.976 [http-nio-2021-exec-1] Log - Authorization Token is Empty
[INFO ] 2021-08-31 03:11:00.343 [restartedMain] LoginServiceApplication - Starting LoginServiceApplication using Java 16.0.1 on ASUS-TUF-A15 with PID 24692 (C:\Users\dhamo\otomate\LoginService\target\classes started by dhamo in C:\Users\dhamo\otomate\LoginService)
[DEBUG] 2021-08-31 03:11:00.344 [restartedMain] LoginServiceApplication - Running with Spring Boot v2.5.3, Spring v5.3.9
[INFO ] 2021-08-31 03:11:00.344 [restartedMain] LoginServiceApplication - No active profile set, falling back to default profiles: default
[INFO ] 2021-08-31 03:11:00.875 [restartedMain] Log - SimpleCORSFilter init
[DEBUG] 2021-08-31 03:11:00.881 [restartedMain] SecurityFilter - Filter 'securityFilter' configured for use
[INFO ] 2021-08-31 03:11:01.099 [restartedMain] LoginServiceApplication - Started LoginServiceApplication in 0.798 seconds (JVM running for 509.544)
[INFO ] 2021-08-31 03:11:12.814 [restartedMain] LoginServiceApplication - Starting LoginServiceApplication using Java 16.0.1 on ASUS-TUF-A15 with PID 24692 (C:\Users\dhamo\otomate\LoginService\target\classes started by dhamo in C:\Users\dhamo\otomate\LoginService)
[DEBUG] 2021-08-31 03:11:12.814 [restartedMain] LoginServiceApplication - Running with Spring Boot v2.5.3, Spring v5.3.9
[INFO ] 2021-08-31 03:11:12.814 [restartedMain] LoginServiceApplication - No active profile set, falling back to default profiles: default
[INFO ] 2021-08-31 03:11:13.293 [restartedMain] Log - SimpleCORSFilter init
[DEBUG] 2021-08-31 03:11:13.300 [restartedMain] SecurityFilter - Filter 'securityFilter' configured for use
[INFO ] 2021-08-31 03:11:13.493 [restartedMain] LoginServiceApplication - Started LoginServiceApplication in 0.719 seconds (JVM running for 521.937)
[DEBUG] 2021-08-31 03:11:52.830 [http-nio-2021-exec-1] Log - Remote Host0:0:0:0:0:0:0:1
[INFO ] 2021-08-31 03:11:52.830 [http-nio-2021-exec-1] Log - Authorization Token is Empty
[DEBUG] 2021-08-31 03:11:54.313 [http-nio-2021-exec-2] Log - Remote Host0:0:0:0:0:0:0:1
[INFO ] 2021-08-31 03:11:54.313 [http-nio-2021-exec-2] Log - Authorization Token is Empty
[DEBUG] 2021-08-31 03:11:56.248 [http-nio-2021-exec-3] Log - Remote Host0:0:0:0:0:0:0:1
[INFO ] 2021-08-31 03:11:56.248 [http-nio-2021-exec-3] Log - Authorization Token is Empty
[DEBUG] 2021-08-31 03:13:02.611 [http-nio-2021-exec-5] Log - Remote Host0:0:0:0:0:0:0:1
[INFO ] 2021-08-31 03:13:02.611 [http-nio-2021-exec-5] Log - Authorization Token is Empty
[DEBUG] 2021-08-31 03:13:21.356 [http-nio-2021-exec-9] Log - Remote Host0:0:0:0:0:0:0:1
[INFO ] 2021-08-31 03:13:21.356 [http-nio-2021-exec-9] Log - Authorization Token is Empty
[DEBUG] 2021-08-31 03:13:42.853 [http-nio-2021-exec-8] Log - Remote Host0:0:0:0:0:0:0:1
[INFO ] 2021-08-31 03:13:42.853 [http-nio-2021-exec-8] Log - Authorization Token is Empty
[INFO ] 2021-08-31 03:15:45.268 [restartedMain] LoginServiceApplication - Starting LoginServiceApplication using Java 16.0.1 on ASUS-TUF-A15 with PID 24692 (C:\Users\dhamo\otomate\LoginService\target\classes started by dhamo in C:\Users\dhamo\otomate\LoginService)
[DEBUG] 2021-08-31 03:15:45.269 [restartedMain] LoginServiceApplication - Running with Spring Boot v2.5.3, Spring v5.3.9
[INFO ] 2021-08-31 03:15:45.269 [restartedMain] LoginServiceApplication - No active profile set, falling back to default profiles: default
[INFO ] 2021-08-31 03:15:45.679 [restartedMain] Log - SimpleCORSFilter init
[DEBUG] 2021-08-31 03:15:45.686 [restartedMain] SecurityFilter - Filter 'securityFilter' configured for use
[INFO ] 2021-08-31 03:15:45.896 [restartedMain] LoginServiceApplication - Started LoginServiceApplication in 0.666 seconds (JVM running for 794.34)
[INFO ] 2021-08-31 03:16:02.640 [restartedMain] LoginServiceApplication - Starting LoginServiceApplication using Java 16.0.1 on ASUS-TUF-A15 with PID 24692 (C:\Users\dhamo\otomate\LoginService\target\classes started by dhamo in C:\Users\dhamo\otomate\LoginService)
[DEBUG] 2021-08-31 03:16:02.641 [restartedMain] LoginServiceApplication - Running with Spring Boot v2.5.3, Spring v5.3.9
[INFO ] 2021-08-31 03:16:02.641 [restartedMain] LoginServiceApplication - No active profile set, falling back to default profiles: default
[INFO ] 2021-08-31 03:16:03.092 [restartedMain] Log - SimpleCORSFilter init
[DEBUG] 2021-08-31 03:16:03.097 [restartedMain] SecurityFilter - Filter 'securityFilter' configured for use
[INFO ] 2021-08-31 03:16:03.283 [restartedMain] LoginServiceApplication - Started LoginServiceApplication in 0.679 seconds (JVM running for 811.727)
[INFO ] 2021-08-31 03:17:17.231 [restartedMain] LoginServiceApplication - Starting LoginServiceApplication using Java 16.0.1 on ASUS-TUF-A15 with PID 24692 (C:\Users\dhamo\otomate\LoginService\target\classes started by dhamo in C:\Users\dhamo\otomate\LoginService)
[DEBUG] 2021-08-31 03:17:17.231 [restartedMain] LoginServiceApplication - Running with Spring Boot v2.5.3, Spring v5.3.9
[INFO ] 2021-08-31 03:17:17.231 [restartedMain] LoginServiceApplication - No active profile set, falling back to default profiles: default
[INFO ] 2021-08-31 03:19:51.685 [restartedMain] LoginServiceApplication - Starting LoginServiceApplication using Java 16.0.1 on ASUS-TUF-A15 with PID 24692 (C:\Users\dhamo\otomate\LoginService\target\classes started by dhamo in C:\Users\dhamo\otomate\LoginService)
[DEBUG] 2021-08-31 03:19:51.685 [restartedMain] LoginServiceApplication - Running with Spring Boot v2.5.3, Spring v5.3.9
[INFO ] 2021-08-31 03:19:51.685 [restartedMain] LoginServiceApplication - No active profile set, falling back to default profiles: default
[INFO ] 2021-08-31 03:20:14.647 [restartedMain] LoginServiceApplication - Starting LoginServiceApplication using Java 16.0.1 on ASUS-TUF-A15 with PID 24692 (C:\Users\dhamo\otomate\LoginService\target\classes started by dhamo in C:\Users\dhamo\otomate\LoginService)
[DEBUG] 2021-08-31 03:20:14.647 [restartedMain] LoginServiceApplication - Running with Spring Boot v2.5.3, Spring v5.3.9
[INFO ] 2021-08-31 03:20:14.647 [restartedMain] LoginServiceApplication - No active profile set, falling back to default profiles: default
[INFO ] 2021-08-31 03:24:59.866 [restartedMain] LoginServiceApplication - Starting LoginServiceApplication using Java 16.0.1 on ASUS-TUF-A15 with PID 24692 (C:\Users\dhamo\otomate\LoginService\target\classes started by dhamo in C:\Users\dhamo\otomate\LoginService)
[DEBUG] 2021-08-31 03:24:59.866 [restartedMain] LoginServiceApplication - Running with Spring Boot v2.5.3, Spring v5.3.9
[INFO ] 2021-08-31 03:24:59.866 [restartedMain] LoginServiceApplication - No active profile set, falling back to default profiles: default
[INFO ] 2021-08-31 03:27:20.112 [restartedMain] LoginServiceApplication - Starting LoginServiceApplication using Java 16.0.1 on ASUS-TUF-A15 with PID 24692 (C:\Users\dhamo\otomate\LoginService\target\classes started by dhamo in C:\Users\dhamo\otomate\LoginService)
[DEBUG] 2021-08-31 03:27:20.113 [restartedMain] LoginServiceApplication - Running with Spring Boot v2.5.3, Spring v5.3.9
[INFO ] 2021-08-31 03:27:20.113 [restartedMain] LoginServiceApplication - No active profile set, falling back to default profiles: default
[DEBUG] 2021-08-31 03:27:20.591 [restartedMain] SecurityFilter - Filter 'securityFilter' configured for use
[INFO ] 2021-08-31 03:27:58.885 [restartedMain] LoginServiceApplication - Starting LoginServiceApplication using Java 16.0.1 on ASUS-TUF-A15 with PID 24692 (C:\Users\dhamo\otomate\LoginService\target\classes started by dhamo in C:\Users\dhamo\otomate\LoginService)
[DEBUG] 2021-08-31 03:27:58.886 [restartedMain] LoginServiceApplication - Running with Spring Boot v2.5.3, Spring v5.3.9
[INFO ] 2021-08-31 03:27:58.886 [restartedMain] LoginServiceApplication - No active profile set, falling back to default profiles: default
[DEBUG] 2021-08-31 03:27:59.528 [restartedMain] SecurityFilter - Filter 'securityFilter' configured for use
[INFO ] 2021-08-31 03:34:00.267 [restartedMain] LoginServiceApplication - Starting LoginServiceApplication using Java 16.0.1 on ASUS-TUF-A15 with PID 24692 (C:\Users\dhamo\otomate\LoginService\target\classes started by dhamo in C:\Users\dhamo\otomate\LoginService)
[DEBUG] 2021-08-31 03:34:00.268 [restartedMain] LoginServiceApplication - Running with Spring Boot v2.5.3, Spring v5.3.9
[INFO ] 2021-08-31 03:34:00.268 [restartedMain] LoginServiceApplication - No active profile set, falling back to default profiles: default
[DEBUG] 2021-08-31 03:34:00.814 [restartedMain] SecurityFilter - Filter 'securityFilter' configured for use
[INFO ] 2021-08-31 03:35:03.148 [restartedMain] LoginServiceApplication - Starting LoginServiceApplication using Java 16.0.1 on ASUS-TUF-A15 with PID 25820 (C:\Users\dhamo\otomate\LoginService\target\classes started by dhamo in C:\Users\dhamo\otomate\LoginService)
[DEBUG] 2021-08-31 03:35:03.154 [restartedMain] LoginServiceApplication - Running with Spring Boot v2.5.3, Spring v5.3.9
[INFO ] 2021-08-31 03:35:03.155 [restartedMain] LoginServiceApplication - No active profile set, falling back to default profiles: default
[DEBUG] 2021-08-31 03:35:05.825 [restartedMain] SecurityFilter - Filter 'securityFilter' configured for use
[INFO ] 2021-08-31 03:45:31.273 [restartedMain] LoginServiceApplication - Starting LoginServiceApplication using Java 16.0.1 on ASUS-TUF-A15 with PID 35320 (C:\Users\dhamo\otomate\LoginService\target\classes started by dhamo in C:\Users\dhamo\otomate\LoginService)
[DEBUG] 2021-08-31 03:45:31.279 [restartedMain] LoginServiceApplication - Running with Spring Boot v2.5.3, Spring v5.3.9
[INFO ] 2021-08-31 03:45:31.279 [restartedMain] LoginServiceApplication - No active profile set, falling back to default profiles: default
[DEBUG] 2021-08-31 03:45:34.389 [restartedMain] SecurityFilter - Filter 'securityFilter' configured for use
[INFO ] 2021-08-31 03:45:35.024 [restartedMain] LoginServiceApplication - Started LoginServiceApplication in 4.066 seconds (JVM running for 5.148)
[DEBUG] 2021-08-31 03:46:26.930 [http-nio-2021-exec-1] Log - Remote Host0:0:0:0:0:0:0:1
[INFO ] 2021-08-31 03:46:26.930 [http-nio-2021-exec-1] Log - Authorization Token is Empty
[DEBUG] 2021-08-31 03:46:37.917 [http-nio-2021-exec-5] Log - Remote Host0:0:0:0:0:0:0:1
[INFO ] 2021-08-31 03:46:37.917 [http-nio-2021-exec-5] Log - Authorization Token is Empty
[DEBUG] 2021-08-31 03:46:39.870 [http-nio-2021-exec-4] Log - Remote Host0:0:0:0:0:0:0:1
[INFO ] 2021-08-31 03:46:39.870 [http-nio-2021-exec-4] Log - Authorization Token is Empty
[DEBUG] 2021-08-31 03:46:41.307 [http-nio-2021-exec-7] Log - Remote Host0:0:0:0:0:0:0:1
[INFO ] 2021-08-31 03:46:41.307 [http-nio-2021-exec-7] Log - Authorization Token is Empty
[DEBUG] 2021-08-31 03:46:42.380 [http-nio-2021-exec-6] Log - Remote Host0:0:0:0:0:0:0:1
[INFO ] 2021-08-31 03:46:42.380 [http-nio-2021-exec-6] Log - Authorization Token is Empty
[DEBUG] 2021-08-31 03:46:49.003 [http-nio-2021-exec-8] Log - Remote Host0:0:0:0:0:0:0:1
[INFO ] 2021-08-31 03:46:49.003 [http-nio-2021-exec-8] Log - Authorization Token is Empty
[DEBUG] 2021-08-31 03:46:50.503 [http-nio-2021-exec-10] Log - Remote Host0:0:0:0:0:0:0:1
[INFO ] 2021-08-31 03:46:50.503 [http-nio-2021-exec-10] Log - Authorization Token is Empty
[INFO ] 2021-08-31 03:50:52.186 [restartedMain] LoginServiceApplication - Starting LoginServiceApplication using Java 16.0.1 on ASUS-TUF-A15 with PID 35320 (C:\Users\dhamo\otomate\LoginService\target\classes started by dhamo in C:\Users\dhamo\otomate\LoginService)
[DEBUG] 2021-08-31 03:50:52.187 [restartedMain] LoginServiceApplication - Running with Spring Boot v2.5.3, Spring v5.3.9
[INFO ] 2021-08-31 03:50:52.187 [restartedMain] LoginServiceApplication - No active profile set, falling back to default profiles: default
[DEBUG] 2021-08-31 03:50:52.720 [restartedMain] SecurityFilter - Filter 'securityFilter' configured for use
[INFO ] 2021-08-31 03:51:01.434 [restartedMain] LoginServiceApplication - Starting LoginServiceApplication using Java 16.0.1 on ASUS-TUF-A15 with PID 35320 (C:\Users\dhamo\otomate\LoginService\target\classes started by dhamo in C:\Users\dhamo\otomate\LoginService)
[DEBUG] 2021-08-31 03:51:01.434 [restartedMain] LoginServiceApplication - Running with Spring Boot v2.5.3, Spring v5.3.9
[INFO ] 2021-08-31 03:51:01.434 [restartedMain] LoginServiceApplication - No active profile set, falling back to default profiles: default
[DEBUG] 2021-08-31 03:51:01.871 [restartedMain] SecurityFilter - Filter 'securityFilter' configured for use
[INFO ] 2021-08-31 03:51:02.095 [restartedMain] LoginServiceApplication - Started LoginServiceApplication in 0.696 seconds (JVM running for 332.219)
[INFO ] 2021-08-31 03:52:54.676 [restartedMain] LoginServiceApplication - Starting LoginServiceApplication using Java 16.0.1 on ASUS-TUF-A15 with PID 35320 (C:\Users\dhamo\otomate\LoginService\target\classes started by dhamo in C:\Users\dhamo\otomate\LoginService)
[DEBUG] 2021-08-31 03:52:54.676 [restartedMain] LoginServiceApplication - Running with Spring Boot v2.5.3, Spring v5.3.9
[INFO ] 2021-08-31 03:52:54.677 [restartedMain] LoginServiceApplication - No active profile set, falling back to default profiles: default
[DEBUG] 2021-08-31 03:52:55.128 [restartedMain] SecurityFilter - Filter 'securityFilter' configured for use
[INFO ] 2021-08-31 03:52:55.337 [restartedMain] LoginServiceApplication - Started LoginServiceApplication in 0.703 seconds (JVM running for 445.461)
[INFO ] 2021-08-31 03:58:50.471 [restartedMain] LoginServiceApplication - Starting LoginServiceApplication using Java 16.0.1 on ASUS-TUF-A15 with PID 35320 (C:\Users\dhamo\otomate\LoginService\target\classes started by dhamo in C:\Users\dhamo\otomate\LoginService)
[DEBUG] 2021-08-31 03:58:50.472 [restartedMain] LoginServiceApplication - Running with Spring Boot v2.5.3, Spring v5.3.9
[INFO ] 2021-08-31 03:58:50.472 [restartedMain] LoginServiceApplication - No active profile set, falling back to default profiles: default
[DEBUG] 2021-08-31 03:58:50.923 [restartedMain] SecurityFilter - Filter 'securityFilter' configured for use
[INFO ] 2021-08-31 03:58:51.137 [restartedMain] LoginServiceApplication - Started LoginServiceApplication in 0.708 seconds (JVM running for 801.261)
[INFO ] 2021-08-31 03:59:21.155 [restartedMain] LoginServiceApplication - Starting LoginServiceApplication using Java 16.0.1 on ASUS-TUF-A15 with PID 35320 (C:\Users\dhamo\otomate\LoginService\target\classes started by dhamo in C:\Users\dhamo\otomate\LoginService)
[DEBUG] 2021-08-31 03:59:21.156 [restartedMain] LoginServiceApplication - Running with Spring Boot v2.5.3, Spring v5.3.9
[INFO ] 2021-08-31 03:59:21.156 [restartedMain] LoginServiceApplication - No active profile set, falling back to default profiles: default
[DEBUG] 2021-08-31 03:59:21.633 [restartedMain] SecurityFilter - Filter 'securityFilter' configured for use
[INFO ] 2021-08-31 03:59:46.688 [restartedMain] LoginServiceApplication - Starting LoginServiceApplication using Java 16.0.1 on ASUS-TUF-A15 with PID 35320 (C:\Users\dhamo\otomate\LoginService\target\classes started by dhamo in C:\Users\dhamo\otomate\LoginService)
[DEBUG] 2021-08-31 03:59:46.689 [restartedMain] LoginServiceApplication - Running with Spring Boot v2.5.3, Spring v5.3.9
[INFO ] 2021-08-31 03:59:46.689 [restartedMain] LoginServiceApplication - No active profile set, falling back to default profiles: default
[DEBUG] 2021-08-31 03:59:47.157 [restartedMain] SecurityFilter - Filter 'securityFilter' configured for use
[INFO ] 2021-08-31 03:59:47.417 [restartedMain] LoginServiceApplication - Started LoginServiceApplication in 0.774 seconds (JVM running for 857.541)
[DEBUG] 2021-08-31 03:59:53.077 [http-nio-2021-exec-2] Log - Remote Host0:0:0:0:0:0:0:1
[INFO ] 2021-08-31 03:59:53.078 [http-nio-2021-exec-2] Log - Authorization Token is Empty
[DEBUG] 2021-08-31 03:59:55.134 [http-nio-2021-exec-3] Log - Remote Host0:0:0:0:0:0:0:1
[INFO ] 2021-08-31 03:59:55.134 [http-nio-2021-exec-3] Log - Authorization Token is Empty
[DEBUG] 2021-08-31 03:59:56.230 [http-nio-2021-exec-4] Log - Remote Host0:0:0:0:0:0:0:1
[INFO ] 2021-08-31 03:59:56.230 [http-nio-2021-exec-4] Log - Authorization Token is Empty
[DEBUG] 2021-08-31 04:00:02.475 [http-nio-2021-exec-5] Log - Remote Host0:0:0:0:0:0:0:1
[DEBUG] 2021-08-31 04:03:53.919 [http-nio-2021-exec-3] Log - Remote Host0:0:0:0:0:0:0:1
[INFO ] 2021-08-31 04:03:53.919 [http-nio-2021-exec-3] Log - Authorization Token is Empty
[DEBUG] 2021-08-31 04:04:01.021 [http-nio-2021-exec-4] Log - Remote Host0:0:0:0:0:0:0:1
[INFO ] 2021-08-31 04:04:01.021 [http-nio-2021-exec-4] Log - Authorization Token is Empty
[DEBUG] 2021-08-31 04:04:16.373 [http-nio-2021-exec-5] Log - Remote Host0:0:0:0:0:0:0:1
[INFO ] 2021-08-31 04:04:16.373 [http-nio-2021-exec-5] Log - Authorization Token is Empty
[DEBUG] 2021-08-31 04:05:20.561 [http-nio-2021-exec-8] Log - Remote Host0:0:0:0:0:0:0:1
[INFO ] 2021-08-31 04:05:20.561 [http-nio-2021-exec-8] Log - Authorization Token is Empty
[DEBUG] 2021-08-31 04:05:49.413 [http-nio-2021-exec-9] Log - Remote Host0:0:0:0:0:0:0:1
[INFO ] 2021-08-31 04:05:49.413 [http-nio-2021-exec-9] Log - Authorization Token is Empty
[DEBUG] 2021-08-31 04:08:30.461 [http-nio-2021-exec-2] Log - Remote Host0:0:0:0:0:0:0:1
[INFO ] 2021-08-31 04:08:30.461 [http-nio-2021-exec-2] Log - Authorization Token is Empty
[DEBUG] 2021-08-31 04:12:27.880 [http-nio-2021-exec-5] Log - Remote Host0:0:0:0:0:0:0:1
[INFO ] 2021-08-31 04:12:27.880 [http-nio-2021-exec-5] Log - Authorization Token is Empty
[DEBUG] 2021-08-31 04:16:53.095 [http-nio-2021-exec-8] Log - Remote Host0:0:0:0:0:0:0:1
[INFO ] 2021-08-31 04:16:53.095 [http-nio-2021-exec-8] Log - Authorization Token is Empty
[INFO ] 2021-08-31 04:18:48.575 [restartedMain] LoginServiceApplication - Starting LoginServiceApplication using Java 16.0.1 on ASUS-TUF-A15 with PID 35320 (C:\Users\dhamo\otomate\LoginService\target\classes started by dhamo in C:\Users\dhamo\otomate\LoginService)
[DEBUG] 2021-08-31 04:18:48.576 [restartedMain] LoginServiceApplication - Running with Spring Boot v2.5.3, Spring v5.3.9
[INFO ] 2021-08-31 04:18:48.576 [restartedMain] LoginServiceApplication - No active profile set, falling back to default profiles: default
[DEBUG] 2021-08-31 04:18:48.976 [restartedMain] SecurityFilter - Filter 'securityFilter' configured for use
[INFO ] 2021-08-31 04:18:49.134 [restartedMain] LoginServiceApplication - Started LoginServiceApplication in 0.596 seconds (JVM running for 1999.258)
[DEBUG] 2021-08-31 04:18:53.771 [http-nio-2021-exec-1] Log - Remote Host0:0:0:0:0:0:0:1
[INFO ] 2021-08-31 04:18:53.771 [http-nio-2021-exec-1] Log - Authorization Token is Empty
[DEBUG] 2021-08-31 04:18:53.847 [http-nio-2021-exec-1] Log - Testing>>>>>>>>>>>>>>>>>>>>>>>>>>>>>>>>>>>>>>>>>>>>>>>>>NONE_PROVIDED
[DEBUG] 2021-08-31 04:21:53.763 [http-nio-2021-exec-3] Log - Remote Host0:0:0:0:0:0:0:1
[INFO ] 2021-08-31 04:21:53.763 [http-nio-2021-exec-3] Log - Authorization Token is Empty
[DEBUG] 2021-08-31 04:21:53.767 [http-nio-2021-exec-3] Log - Testing>>>>>>>>>>>>>>>>>>>>>>>>>>>>>>>>>>>>>>>>>>>>>>>>>NONE_PROVIDED
[INFO ] 2021-08-31 04:25:08.849 [restartedMain] LoginServiceApplication - Starting LoginServiceApplication using Java 16.0.1 on ASUS-TUF-A15 with PID 35320 (C:\Users\dhamo\otomate\LoginService\target\classes started by dhamo in C:\Users\dhamo\otomate\LoginService)
[DEBUG] 2021-08-31 04:25:08.850 [restartedMain] LoginServiceApplication - Running with Spring Boot v2.5.3, Spring v5.3.9
[INFO ] 2021-08-31 04:25:08.850 [restartedMain] LoginServiceApplication - No active profile set, falling back to default profiles: default
[DEBUG] 2021-08-31 04:25:09.219 [restartedMain] SecurityFilter - Filter 'securityFilter' configured for use
[INFO ] 2021-08-31 04:25:09.361 [restartedMain] LoginServiceApplication - Started LoginServiceApplication in 0.551 seconds (JVM running for 2379.486)
[DEBUG] 2021-08-31 04:25:23.973 [http-nio-2021-exec-1] Log - Remote Host0:0:0:0:0:0:0:1
[INFO ] 2021-08-31 04:25:23.973 [http-nio-2021-exec-1] Log - Authorization Token is Empty
[DEBUG] 2021-08-31 04:25:23.976 [http-nio-2021-exec-1] Log - Test>>>>>>>>>>>>>>>>>>>>>>>>>>>>>>>>>>>>>>>>>>>>>>>>>null12345678
[DEBUG] 2021-08-31 04:25:24.048 [http-nio-2021-exec-1] Log - Testing>>>>>>>>>>>>>>>>>>>>>>>>>>>>>>>>>>>>>>>>>>>>>>>>>NONE_PROVIDED
[INFO ] 2021-08-31 04:27:37.736 [restartedMain] LoginServiceApplication - Starting LoginServiceApplication using Java 16.0.1 on ASUS-TUF-A15 with PID 35320 (C:\Users\dhamo\otomate\LoginService\target\classes started by dhamo in C:\Users\dhamo\otomate\LoginService)
[DEBUG] 2021-08-31 04:27:37.737 [restartedMain] LoginServiceApplication - Running with Spring Boot v2.5.3, Spring v5.3.9
[INFO ] 2021-08-31 04:27:37.737 [restartedMain] LoginServiceApplication - No active profile set, falling back to default profiles: default
[DEBUG] 2021-08-31 04:27:38.125 [restartedMain] SecurityFilter - Filter 'securityFilter' configured for use
[INFO ] 2021-08-31 04:27:38.273 [restartedMain] LoginServiceApplication - Started LoginServiceApplication in 0.576 seconds (JVM running for 2528.397)
[INFO ] 2021-08-31 04:27:45.890 [restartedMain] LoginServiceApplication - Starting LoginServiceApplication using Java 16.0.1 on ASUS-TUF-A15 with PID 19324 (C:\Users\dhamo\otomate\LoginService\target\classes started by dhamo in C:\Users\dhamo\otomate\LoginService)
[DEBUG] 2021-08-31 04:27:45.897 [restartedMain] LoginServiceApplication - Running with Spring Boot v2.5.3, Spring v5.3.9
[INFO ] 2021-08-31 04:27:45.897 [restartedMain] LoginServiceApplication - No active profile set, falling back to default profiles: default
[DEBUG] 2021-08-31 04:27:48.670 [restartedMain] SecurityFilter - Filter 'securityFilter' configured for use
[INFO ] 2021-08-31 04:27:49.274 [restartedMain] LoginServiceApplication - Started LoginServiceApplication in 3.707 seconds (JVM running for 4.896)
[DEBUG] 2021-08-31 04:27:56.468 [http-nio-2021-exec-1] Log - Remote Host0:0:0:0:0:0:0:1
[INFO ] 2021-08-31 04:27:56.468 [http-nio-2021-exec-1] Log - Authorization Token is Empty
[DEBUG] 2021-08-31 04:27:56.640 [http-nio-2021-exec-1] Log - Testing>>>>>>>>>>>>>>>>>>>>>>>>>>>>>>>>>>>>>>>>>>>>>>>>>NONE_PROVIDED
[DEBUG] 2021-08-31 04:29:13.349 [http-nio-2021-exec-3] Log - Remote Host0:0:0:0:0:0:0:1
[INFO ] 2021-08-31 04:29:13.349 [http-nio-2021-exec-3] Log - Authorization Token is Empty
[DEBUG] 2021-08-31 04:29:13.352 [http-nio-2021-exec-3] Log - Testing>>>>>>>>>>>>>>>>>>>>>>>>>>>>>>>>>>>>>>>>>>>>>>>>>dhamo@gmail.com
[DEBUG] 2021-08-31 04:36:42.258 [http-nio-2021-exec-6] Log - Remote Host0:0:0:0:0:0:0:1
[INFO ] 2021-08-31 04:36:42.258 [http-nio-2021-exec-6] Log - Authorization Token is Empty
[DEBUG] 2021-08-31 04:36:42.261 [http-nio-2021-exec-6] Log - Testing>>>>>>>>>>>>>>>>>>>>>>>>>>>>>>>>>>>>>>>>>>>>>>>>>dhamo@gmail.com
[INFO ] 2021-08-31 11:18:56.095 [restartedMain] LoginServiceApplication - Starting LoginServiceApplication using Java 16.0.1 on ASUS-TUF-A15 with PID 34084 (C:\Users\dhamo\otomate\LoginService\target\classes started by dhamo in C:\Users\dhamo\otomate\LoginService)
[DEBUG] 2021-08-31 11:18:56.101 [restartedMain] LoginServiceApplication - Running with Spring Boot v2.5.3, Spring v5.3.9
[INFO ] 2021-08-31 11:18:56.102 [restartedMain] LoginServiceApplication - No active profile set, falling back to default profiles: default
[DEBUG] 2021-08-31 11:18:58.651 [restartedMain] SecurityFilter - Filter 'securityFilter' configured for use
[DEBUG] 2021-08-31 11:19:05.841 [http-nio-2021-exec-9] Log - Remote Host0:0:0:0:0:0:0:1
[INFO ] 2021-08-31 11:19:05.842 [http-nio-2021-exec-9] Log - Authorization Token is Empty
[DEBUG] 2021-08-31 11:19:05.869 [http-nio-2021-exec-9] Log - Testing>>>>>>>>>>>>>>>>>>>>>>>>>>>>>>>>>>>>>>>>>>>>>>>>>dhamo@gmail.com
[DEBUG] 2021-08-31 11:19:23.726 [http-nio-2021-exec-1] Log - Remote Host0:0:0:0:0:0:0:1
[INFO ] 2021-08-31 13:02:48.899 [main] LoginServiceApplicationTests - Starting LoginServiceApplicationTests using Java 16.0.1 on ASUS-TUF-A15 with PID 19968 (started by dhamo in C:\Users\dhamo\otomate\LoginService)
[DEBUG] 2021-08-31 13:02:48.902 [main] LoginServiceApplicationTests - Running with Spring Boot v2.5.3, Spring v5.3.9
[INFO ] 2021-08-31 13:02:48.904 [main] LoginServiceApplicationTests - No active profile set, falling back to default profiles: default
[INFO ] 2021-08-31 13:02:55.067 [main] LoginServiceApplicationTests - Started LoginServiceApplicationTests in 6.471 seconds (JVM running for 8.122)
[INFO ] 2021-08-31 13:13:05.085 [main] LoginServiceApplicationTests - Starting LoginServiceApplicationTests using Java 16.0.1 on ASUS-TUF-A15 with PID 35772 (started by dhamo in C:\Users\dhamo\otomate\LoginService)
[DEBUG] 2021-08-31 13:13:05.089 [main] LoginServiceApplicationTests - Running with Spring Boot v2.5.3, Spring v5.3.9
[INFO ] 2021-08-31 13:13:05.091 [main] LoginServiceApplicationTests - No active profile set, falling back to default profiles: default
[INFO ] 2021-08-31 13:13:10.748 [main] LoginServiceApplicationTests - Started LoginServiceApplicationTests in 5.959 seconds (JVM running for 7.519)
[INFO ] 2021-09-04 11:02:38.336 [restartedMain] LoginServiceApplication - Starting LoginServiceApplication using Java 16.0.1 on DHAMODARAN-N with PID 22612 (C:\Users\dhamo\OneDrive\Documents\otomate\LoginService\target\classes started by dhamo in C:\Users\dhamo\OneDrive\Documents\otomate\LoginService)
[DEBUG] 2021-09-04 11:02:38.343 [restartedMain] LoginServiceApplication - Running with Spring Boot v2.5.3, Spring v5.3.9
[INFO ] 2021-09-04 11:02:38.344 [restartedMain] LoginServiceApplication - No active profile set, falling back to default profiles: default
[DEBUG] 2021-09-04 11:02:40.896 [restartedMain] SecurityFilter - Filter 'securityFilter' configured for use
[INFO ] 2021-09-04 11:02:41.482 [restartedMain] LoginServiceApplication - Started LoginServiceApplication in 3.417 seconds (JVM running for 4.506)
[DEBUG] 2021-09-04 11:03:03.310 [http-nio-2021-exec-2] Log - Remote Host0:0:0:0:0:0:0:1
[INFO ] 2021-09-04 11:03:03.311 [http-nio-2021-exec-2] Log - Authorization Token is Empty
[DEBUG] 2021-09-04 11:03:03.461 [http-nio-2021-exec-2] Log - Testing>>>>>>>>>>>>>>>>>>>>>>>>>>>>>>>>>>>>>>>>>>>>>>>>>dhamo@gmail.com
[DEBUG] 2021-09-04 11:05:37.665 [http-nio-2021-exec-5] Log - Remote Host0:0:0:0:0:0:0:1
[INFO ] 2021-09-04 11:05:37.665 [http-nio-2021-exec-5] Log - Authorization Token is Empty
[DEBUG] 2021-09-04 11:05:37.668 [http-nio-2021-exec-5] Log - Testing>>>>>>>>>>>>>>>>>>>>>>>>>>>>>>>>>>>>>>>>>>>>>>>>>dhamodaran@outlook.in
[DEBUG] 2021-09-04 11:05:41.491 [http-nio-2021-exec-6] Log - Remote Host0:0:0:0:0:0:0:1
[INFO ] 2021-09-04 11:05:41.491 [http-nio-2021-exec-6] Log - Authorization Token is Empty
[DEBUG] 2021-09-04 11:05:41.494 [http-nio-2021-exec-6] Log - Testing>>>>>>>>>>>>>>>>>>>>>>>>>>>>>>>>>>>>>>>>>>>>>>>>>dhamodaran@outlook.in
[DEBUG] 2021-09-04 11:08:18.600 [http-nio-2021-exec-8] Log - Remote Host0:0:0:0:0:0:0:1
[INFO ] 2021-09-04 11:08:18.600 [http-nio-2021-exec-8] Log - Authorization Token is Empty
[DEBUG] 2021-09-04 11:08:18.600 [http-nio-2021-exec-8] Log - Testing>>>>>>>>>>>>>>>>>>>>>>>>>>>>>>>>>>>>>>>>>>>>>>>>>dhamodaran@outlook.in
